Flutter crash report.
Please report a bug at https://github.com/flutter/flutter/issues.

## command

flutter run

## exception

FileSystemException: FileSystemException: Cannot resolve symbolic links, path = 'H:\FlutterProjects\sampleproject' (OS Error: Access is denied.
, errno = 5)

```
#0      FileSystemEntity._throwIfError (dart:io/file_system_entity.dart:818:7)
#1      FileSystemEntity.resolveSymbolicLinksSync (dart:io/file_system_entity.dart:348:5)
#2      ForwardingFileSystemEntity.resolveSymbolicLinksSync (package:file/src/forwarding/forwarding_file_system_entity.dart:56:49)
#3      ForwardingFileSystemEntity.resolveSymbolicLinksSync (package:file/src/forwarding/forwarding_file_system_entity.dart:56:49)
#4      SourceVisitor.visitPattern (package:flutter_tools/src/build_system/source.dart:103:68)
#5      _PatternSource.accept (package:flutter_tools/src/build_system/source.dart:260:49)
#6      Target._resolveConfiguration (package:flutter_tools/src/build_system/build_system.dart:244:14)
#7      Target.resolveInputs (package:flutter_tools/src/build_system/build_system.dart:194:12)
#8      Target._toNode (package:flutter_tools/src/build_system/build_system.dart:147:39)
#9      Target._toNode (package:flutter_tools/src/build_system/build_system.dart:154:58)
#10     FlutterBuildSystem.buildIncremental (package:flutter_tools/src/build_system/build_system.dart:666:30)
#11     ResidentRunner.runSourceGenerators (package:flutter_tools/src/resident_runner.dart:1163:44)
#12     HotRunner.run (package:flutter_tools/src/run_hot.dart:372:13)
<asynchronous suspension>
#13     RunCommand.runCommand (package:flutter_tools/src/commands/run.dart:662:26)
<asynchronous suspension>
#14     FlutterCommand.run.<anonymous closure> (package:flutter_tools/src/runner/flutter_command.dart:1125:27)
<asynchronous suspension>
#15     AppContext.run.<anonymous closure> (package:flutter_tools/src/base/context.dart:150:19)
<asynchronous suspension>
#16     CommandRunner.runCommand (package:args/command_runner.dart:209:13)
<asynchronous suspension>
#17     FlutterCommandRunner.runCommand.<anonymous closure> (package:flutter_tools/src/runner/flutter_command_runner.dart:288:9)
<asynchronous suspension>
#18     AppContext.run.<anonymous closure> (package:flutter_tools/src/base/context.dart:150:19)
<asynchronous suspension>
#19     FlutterCommandRunner.runCommand (package:flutter_tools/src/runner/flutter_command_runner.dart:236:5)
<asynchronous suspension>
#20     run.<anonymous closure>.<anonymous closure> (package:flutter_tools/runner.dart:62:9)
<asynchronous suspension>
#21     AppContext.run.<anonymous closure> (package:flutter_tools/src/base/context.dart:150:19)
<asynchronous suspension>
#22     main (package:flutter_tools/executable.dart:92:3)
<asynchronous suspension>
```

## flutter doctor

```
[✓] Flutter (Channel stable, 2.5.3, on Microsoft Windows [Version 10.0.19042.1165], locale en-US)
    • Flutter version 2.5.3 at C:\src\flutter
    • Upstream repository https://github.com/flutter/flutter.git
    • Framework revision 18116933e7 (8 weeks ago), 2021-10-15 10:46:35 -0700
    • Engine revision d3ea636dc5
    • Dart version 2.14.4

[✓] Android toolchain - develop for Android devices (Android SDK version 31.0.0)
    • Android SDK at C:\Users\nyyi\AppData\Local\Android\sdk
    • Platform android-31, build-tools 31.0.0
    • Java binary at: C:\Program Files\Android\Android Studio\jre\bin\java
    • Java version OpenJDK Runtime Environment (build 1.8.0_152-release-1343-b01)
    • All Android licenses accepted.

[✓] Chrome - develop for the web
    • Chrome at C:\Program Files (x86)\Google\Chrome\Application\chrome.exe

[!] Visual Studio - develop for Windows (Visual Studio Community 2019 16.11.7)
    • Visual Studio at C:\Program Files (x86)\Microsoft Visual Studio\2019\Community
    • Visual Studio Community 2019 version 16.11.31911.196
    ✗ Visual Studio is missing necessary components. Please re-run the Visual Studio installer for the "Desktop development with C++" workload,
      and include these components:
        MSVC v142 - VS 2019 C++ x64/x86 build tools
         - If there are multiple build tool versions available, install the latest
        C++ CMake tools for Windows
        Windows 10 SDK

[✓] Android Studio (version 3.4)
    • Android Studio at C:\Program Files\Android\Android Studio
    • Flutter plugin version 39.0.1
    • Dart plugin version 183.6270
    • Java version OpenJDK Runtime Environment (build 1.8.0_152-release-1343-b01)

[✓] VS Code, 64-bit edition (version 1.56.0)
    • VS Code at C:\Program Files\Microsoft VS Code
    • Flutter extension version 3.25.0

[✓] Connected device (2 available)
    • Windows (desktop) • windows • windows-x64    • Microsoft Windows [Version 10.0.19042.1165]
    • Chrome (web)      • chrome  • web-javascript • unknown

! Doctor found issues in 1 category.
```
